<?xml version="1.0" encoding="UTF-8"?>
<!-- Generated by org.testng.reporters.JUnitReportReporter -->
<testsuite hostname="DESKTOP-TIC5DM4" failures="0" tests="6" name="checkout.whishlist" time="132.472" errors="0" timestamp="2024-08-07T00:43:12 IST" skipped="0">
  <testcase classname="checkout.whishlist" name="testaddtoWishlist" time="17.265"/>
  <system-out/>
  <testcase classname="checkout.whishlist" name="testaddtoWishlistwithlogin" time="23.288"/>
  <system-out/>
  <testcase classname="checkout.whishlist" name="viewWishlistwithlogin" time="14.704"/>
  <system-out/>
  <testcase classname="checkout.whishlist" name="removeWishlistwithlogin" time="18.512"/>
  <system-out/>
  <testcase classname="checkout.whishlist" name="addduplicateWishlistwithlogin" time="26.787"/>
  <system-out/>
  <testcase classname="checkout.whishlist" name="addmultipleWishlistwithlogin" time="31.916"/>
  <system-out/>
</testsuite> <!-- checkout.whishlist -->
