<?xml version="1.0" encoding="UTF-8"?>
<!-- Generated by org.testng.reporters.JUnitReportReporter -->
<testsuite hostname="DESKTOP-TIC5DM4" failures="0" tests="7" name="login.loginTC_009" time="82.718" errors="0" timestamp="2024-08-05T14:54:29 IST" skipped="0">
  <testcase classname="login.loginTC_009" name="loginUser" time="10.956"/>
  <system-out/>
  <testcase classname="login.loginTC_009" name="loginUser" time="10.386"/>
  <system-out/>
  <testcase classname="login.loginTC_009" name="loginUser" time="10.117"/>
  <system-out/>
  <testcase classname="login.loginTC_009" name="loginUser" time="10.197"/>
  <system-out/>
  <testcase classname="login.loginTC_009" name="loginUser" time="10.890"/>
  <system-out/>
  <testcase classname="login.loginTC_009" name="loginUser" time="12.292"/>
  <system-out/>
  <testcase classname="login.loginTC_009" name="loginUser" time="17.880"/>
  <system-out/>
</testsuite> <!-- login.loginTC_009 -->
