<?xml version="1.0" encoding="UTF-8"?>
<!-- Generated by org.testng.reporters.JUnitReportReporter -->
<testsuite hostname="DESKTOP-TIC5DM4" failures="0" tests="4" name="com.qa.testcases.checkoutTC_002" time="184.808" errors="0" timestamp="2024-08-07T13:41:40 IST" skipped="0">
  <testcase classname="com.qa.testcases.checkoutTC_002" name="addingnewadress" time="64.138"/>
  <system-out/>
  <testcase classname="com.qa.testcases.checkoutTC_002" name="missingshippingdeatils" time="36.070"/>
  <system-out/>
  <testcase classname="com.qa.testcases.checkoutTC_002" name="checkoutProcess" time="41.231"/>
  <system-out/>
  <testcase classname="com.qa.testcases.checkoutTC_002" name="checkoutProcess1" time="43.369"/>
  <system-out/>
</testsuite> <!-- com.qa.testcases.checkoutTC_002 -->
