<?xml version="1.0" encoding="UTF-8"?>
<!-- Generated by org.testng.reporters.JUnitReportReporter -->
<testsuite hostname="DESKTOP-TIC5DM4" failures="0" tests="7" name="com.qa.testcases.whishlist" time="177.253" errors="0" timestamp="2024-08-07T10:58:37 IST" skipped="0">
  <testcase classname="com.qa.testcases.whishlist" name="testaddtoWishlist" time="18.417"/>
  <system-out/>
  <testcase classname="com.qa.testcases.whishlist" name="testaddtoWishlistwithlogin" time="26.560"/>
  <system-out/>
  <testcase classname="com.qa.testcases.whishlist" name="viewWishlistwithlogin" time="15.867"/>
  <system-out/>
  <testcase classname="com.qa.testcases.whishlist" name="removeWishlistwithlogin" time="19.466"/>
  <system-out/>
  <testcase classname="com.qa.testcases.whishlist" name="addduplicateWishlistwithlogin" time="30.180"/>
  <system-out/>
  <testcase classname="com.qa.testcases.whishlist" name="addmultipleWishlistwithlogin" time="40.247"/>
  <system-out/>
  <testcase classname="com.qa.testcases.whishlist" name="addWishlisttocartwithlogin" time="26.516"/>
  <system-out/>
</testsuite> <!-- com.qa.testcases.whishlist -->
