<?xml version="1.0" encoding="UTF-8"?>
<!-- Generated by org.testng.reporters.JUnitReportReporter -->
<testsuite hostname="DESKTOP-TIC5DM4" failures="0" tests="5" name="checkout.LumaStoreSearchTest" time="57.976" errors="0" timestamp="2024-08-06T16:24:39 IST" skipped="0">
  <testcase classname="checkout.LumaStoreSearchTest" name="checkoutProcess" time="12.519"/>
  <system-out/>
  <testcase classname="checkout.LumaStoreSearchTest" name="checkoutProcess" time="10.291"/>
  <system-out/>
  <testcase classname="checkout.LumaStoreSearchTest" name="checkoutProcess" time="12.605"/>
  <system-out/>
  <testcase classname="checkout.LumaStoreSearchTest" name="checkoutProcess" time="11.354"/>
  <system-out/>
  <testcase classname="checkout.LumaStoreSearchTest" name="checkoutProcess" time="11.207"/>
  <system-out/>
</testsuite> <!-- checkout.LumaStoreSearchTest -->
