<?xml version="1.0" encoding="UTF-8"?>
<!-- Generated by org.testng.reporters.JUnitReportReporter -->
<testsuite hostname="DESKTOP-TIC5DM4" failures="0" tests="1" name="checkout.checkoutTC_003" time="36.415" errors="0" timestamp="2024-08-06T02:03:38 IST" skipped="0">
  <testcase classname="checkout.checkoutTC_003" name="checkoutProcess" time="36.415"/>
  <system-out/>
</testsuite> <!-- checkout.checkoutTC_003 -->
