<?xml version="1.0" encoding="UTF-8"?>
<!-- Generated by org.testng.reporters.JUnitReportReporter -->
<testsuite hostname="DESKTOP-TIC5DM4" failures="0" tests="1" name="checkout.CheckOutSteps" time="33.809" errors="0" timestamp="2024-08-06T15:19:04 IST" skipped="0">
  <testcase classname="checkout.CheckOutSteps" name="checkoutProcess" time="33.809"/>
  <system-out/>
</testsuite> <!-- checkout.CheckOutSteps -->
