<?xml version="1.0" encoding="UTF-8"?>
<!-- Generated by org.testng.reporters.JUnitReportReporter -->
<testsuite hostname="DESKTOP-TIC5DM4" failures="0" tests="3" name="login.loginvalidcreditstest" time="31.259" errors="0" timestamp="2024-07-29T14:53:59 IST" skipped="0">
  <testcase classname="login.loginvalidcreditstest" name="testValidLogin" time="11.285"/>
  <system-out/>
  <testcase classname="login.loginvalidcreditstest" name="testInvalidLogin" time="9.335"/>
  <system-out/>
  <testcase classname="login.loginvalidcreditstest" name="testInvalidLogin_password" time="10.639"/>
  <system-out/>
</testsuite> <!-- login.loginvalidcreditstest -->
