<?xml version="1.0" encoding="UTF-8"?>
<!-- Generated by org.testng.reporters.JUnitReportReporter -->
<testsuite hostname="DESKTOP-TIC5DM4" failures="0" tests="23" name="login.loginTC_001" time="219.539" errors="0" timestamp="2024-08-06T14:04:44 IST" skipped="0">
  <testcase classname="login.loginTC_001" name="loginUser" time="7.318"/>
  <system-out/>
  <testcase classname="login.loginTC_001" name="testinvalid_password" time="6.556"/>
  <system-out/>
  <testcase classname="login.loginTC_001" name="loginUser" time="12.916"/>
  <system-out/>
  <testcase classname="login.loginTC_001" name="loginUser" time="9.721"/>
  <system-out/>
  <testcase classname="login.loginTC_001" name="testforgottenpassword" time="15.878"/>
  <system-out/>
  <testcase classname="login.loginTC_001" name="loginUser" time="12.413"/>
  <system-out/>
  <testcase classname="login.loginTC_001" name="testempty_password" time="7.138"/>
  <system-out/>
  <testcase classname="login.loginTC_001" name="testinvalid_email2" time="6.953"/>
  <system-out/>
  <testcase classname="login.loginTC_001" name="loginUser" time="9.361"/>
  <system-out/>
  <testcase classname="login.loginTC_001" name="testValidLogin" time="9.971"/>
  <system-out/>
  <testcase classname="login.loginTC_001" name="testempty_email" time="7.448"/>
  <system-out/>
  <testcase classname="login.loginTC_001" name="testspecialcharcter" time="8.508"/>
  <system-out/>
  <testcase classname="login.loginTC_001" name="testIncorrectLogin_password" time="6.239"/>
  <system-out/>
  <testcase classname="login.loginTC_001" name="testwrongcase" time="15.089"/>
  <system-out/>
  <testcase classname="login.loginTC_001" name="loginUser" time="9.826"/>
  <system-out/>
  <testcase classname="login.loginTC_001" name="testinvalid_email3" time="8.947"/>
  <system-out/>
  <testcase classname="login.loginTC_001" name="testinvalid_password2" time="8.990"/>
  <system-out/>
  <testcase classname="login.loginTC_001" name="testIncorrectLogin" time="11.098"/>
  <system-out/>
  <testcase classname="login.loginTC_001" name="testinvalid_email4" time="6.505"/>
  <system-out/>
  <testcase classname="login.loginTC_001" name="testinvalid_email" time="7.840"/>
  <system-out/>
  <testcase classname="login.loginTC_001" name="testinvalid_password1" time="10.272"/>
  <system-out/>
  <testcase classname="login.loginTC_001" name="loginUser" time="13.452"/>
  <system-out/>
  <testcase classname="login.loginTC_001" name="loginUser" time="7.100"/>
  <system-out/>
</testsuite> <!-- login.loginTC_001 -->
