<?xml version="1.0" encoding="UTF-8"?>
<!-- Generated by org.testng.reporters.JUnitReportReporter -->
<testsuite hostname="DESKTOP-TIC5DM4" failures="0" tests="23" name="checkout.loginTC_001" time="241.920" errors="0" timestamp="2024-08-06T21:04:57 IST" skipped="0">
  <testcase classname="checkout.loginTC_001" name="loginUser" time="10.901"/>
  <system-out/>
  <testcase classname="checkout.loginTC_001" name="loginUser" time="14.131"/>
  <system-out/>
  <testcase classname="checkout.loginTC_001" name="testempty_email" time="10.095"/>
  <system-out/>
  <testcase classname="checkout.loginTC_001" name="testinvalid_email2" time="7.958"/>
  <system-out/>
  <testcase classname="checkout.loginTC_001" name="testwrongcase" time="8.931"/>
  <system-out/>
  <testcase classname="checkout.loginTC_001" name="loginUser" time="11.304"/>
  <system-out/>
  <testcase classname="checkout.loginTC_001" name="loginUser" time="10.775"/>
  <system-out/>
  <testcase classname="checkout.loginTC_001" name="testforgottenpassword" time="19.496"/>
  <system-out/>
  <testcase classname="checkout.loginTC_001" name="testempty_password" time="7.499"/>
  <system-out/>
  <testcase classname="checkout.loginTC_001" name="testinvalid_password1" time="10.217"/>
  <system-out/>
  <testcase classname="checkout.loginTC_001" name="testValidLogin" time="11.342"/>
  <system-out/>
  <testcase classname="checkout.loginTC_001" name="loginUser" time="10.739"/>
  <system-out/>
  <testcase classname="checkout.loginTC_001" name="testinvalid_email4" time="7.787"/>
  <system-out/>
  <testcase classname="checkout.loginTC_001" name="testinvalid_password" time="8.455"/>
  <system-out/>
  <testcase classname="checkout.loginTC_001" name="testspecialcharcter" time="10.553"/>
  <system-out/>
  <testcase classname="checkout.loginTC_001" name="loginUser" time="12.120"/>
  <system-out/>
  <testcase classname="checkout.loginTC_001" name="testinvalid_email" time="7.817"/>
  <system-out/>
  <testcase classname="checkout.loginTC_001" name="loginUser" time="12.307"/>
  <system-out/>
  <testcase classname="checkout.loginTC_001" name="testIncorrectLogin" time="9.495"/>
  <system-out/>
  <testcase classname="checkout.loginTC_001" name="testIncorrectLogin_password" time="10.653"/>
  <system-out/>
  <testcase classname="checkout.loginTC_001" name="testinvalid_email3" time="10.132"/>
  <system-out/>
  <testcase classname="checkout.loginTC_001" name="testinvalid_password2" time="12.177"/>
  <system-out/>
  <testcase classname="checkout.loginTC_001" name="loginUser" time="7.036"/>
  <system-out/>
</testsuite> <!-- checkout.loginTC_001 -->
