<?xml version="1.0" encoding="UTF-8"?>
<!-- Generated by org.testng.reporters.JUnitReportReporter -->
<testsuite hostname="DESKTOP-TIC5DM4" failures="0" tests="1" name="login.loginTC_007" time="21.230" errors="0" timestamp="2024-08-05T19:04:36 IST" skipped="0">
  <testcase classname="login.loginTC_007" name="testforgottenpassword" time="21.230"/>
  <system-out/>
</testsuite> <!-- login.loginTC_007 -->
