<?xml version="1.0" encoding="UTF-8"?>
<!-- Generated by org.testng.reporters.JUnitReportReporter -->
<testsuite hostname="DESKTOP-TIC5DM4" failures="0" tests="2" name="login.loginTC_006" time="16.029" errors="0" timestamp="2024-07-29T18:12:42 IST" skipped="0">
  <testcase classname="login.loginTC_006" name="testempty_password" time="9.247"/>
  <system-out/>
  <testcase classname="login.loginTC_006" name="testempty_email" time="6.782"/>
  <system-out/>
</testsuite> <!-- login.loginTC_006 -->
