<?xml version="1.0" encoding="UTF-8"?>
<!-- Generated by org.testng.reporters.JUnitReportReporter -->
<testsuite hostname="DESKTOP-TIC5DM4" failures="0" tests="1" name="login.loginTC_004" time="12.442" errors="0" timestamp="2024-07-29T15:45:51 IST" skipped="0">
  <testcase classname="login.loginTC_004" name="testInvalidLogin_password" time="12.442"/>
  <system-out/>
</testsuite> <!-- login.loginTC_004 -->
