<?xml version="1.0" encoding="UTF-8"?>
<!-- Generated by org.testng.reporters.JUnitReportReporter -->
<testsuite hostname="DESKTOP-TIC5DM4" failures="0" tests="7" name="login.loginTC_008" time="59.085" errors="0" timestamp="2024-08-01T11:27:15 IST" skipped="0">
  <testcase classname="login.loginTC_008" name="testinvalid_email3" time="8.021"/>
  <system-out/>
  <testcase classname="login.loginTC_008" name="testinvalid_password1" time="10.330"/>
  <system-out/>
  <testcase classname="login.loginTC_008" name="testinvalid_email2" time="6.550"/>
  <system-out/>
  <testcase classname="login.loginTC_008" name="testinvalid_email4" time="7.437"/>
  <system-out/>
  <testcase classname="login.loginTC_008" name="testinvalid_password" time="7.047"/>
  <system-out/>
  <testcase classname="login.loginTC_008" name="testinvalid_email" time="10.282"/>
  <system-out/>
  <testcase classname="login.loginTC_008" name="testinvalid_password2" time="9.418"/>
  <system-out/>
</testsuite> <!-- login.loginTC_008 -->
