<?xml version="1.0" encoding="UTF-8"?>
<!-- Generated by org.testng.reporters.JUnitReportReporter -->
<testsuite hostname="DESKTOP-TIC5DM4" failures="0" tests="1" name="login.loginTC_003" time="11.647" errors="0" timestamp="2024-07-29T15:30:34 IST" skipped="0">
  <testcase classname="login.loginTC_003" name="testInvalidLogin_password" time="11.647"/>
  <system-out/>
</testsuite> <!-- login.loginTC_003 -->
