<?xml version="1.0" encoding="UTF-8"?>
<!-- Generated by org.testng.reporters.JUnitReportReporter -->
<testsuite hostname="DESKTOP-TIC5DM4" failures="0" tests="1" name="login.loginTC_005" time="13.388" errors="0" timestamp="2024-07-29T15:57:54 IST" skipped="0">
  <testcase classname="login.loginTC_005" name="testInvalidLogin_password" time="13.388"/>
  <system-out/>
</testsuite> <!-- login.loginTC_005 -->
