<?xml version="1.0" encoding="UTF-8"?>
<!-- Generated by org.testng.reporters.JUnitReportReporter -->
<testsuite hostname="DESKTOP-TIC5DM4" failures="0" tests="4" name="checkout.checkoutTC_002" time="176.357" errors="0" timestamp="2024-08-06T18:38:41 IST" skipped="0">
  <testcase classname="checkout.checkoutTC_002" name="addingnewadress" time="58.818"/>
  <system-out/>
  <testcase classname="checkout.checkoutTC_002" name="checkoutProcess" time="34.549"/>
  <system-out/>
  <testcase classname="checkout.checkoutTC_002" name="checkoutProcess1" time="35.887"/>
  <system-out/>
  <testcase classname="checkout.checkoutTC_002" name="missingshippingdeatils" time="47.103"/>
  <system-out/>
</testsuite> <!-- checkout.checkoutTC_002 -->
