<?xml version="1.0" encoding="UTF-8"?>
<!-- Generated by org.testng.reporters.JUnitReportReporter -->
<testsuite hostname="DESKTOP-TIC5DM4" failures="0" tests="1" name="signin.usecase1test" time="12.359" errors="0" timestamp="2024-07-29T11:56:02 IST" skipped="0">
  <testcase classname="signin.usecase1test" name="testUserRegistration" time="12.359"/>
  <system-out/>
</testsuite> <!-- signin.usecase1test -->
